info it worked if it ends with ok
verbose cli [ 'node', '/usr/local/bin/npm', 'start' ]
info using npm@1.1.0-alpha-2
info using node@v0.6.3
verbose config file /Users/andrew/.npmrc
verbose config file /usr/local/etc/npmrc
verbose config file /usr/local/lib/node_modules/npm/npmrc
verbose caching /Users/andrew/apps/shitkrwindhamsays/package.json
verbose loadDefaults shitkrwindhamsays@0.0.1
verbose run-script [ 'prestart', 'start', 'poststart' ]
info prestart shitkrwindhamsays@0.0.1
info start shitkrwindhamsays@0.0.1
verbose unsafe-perm in lifecycle true
silly exec sh "-c" "node server.js"
silly spawning [ 'sh',
silly spawning   [ '-c', 'node server.js' ],
silly spawning   '/Users/andrew/apps/shitkrwindhamsays' ]
info shitkrwindhamsays@0.0.1 Failed to exec start script
ERR! shitkrwindhamsays@0.0.1 start: `node server.js`
ERR! `sh "-c" "node server.js"` failed with 1
ERR! 
ERR! Failed at the shitkrwindhamsays@0.0.1 start script.
ERR! This is most likely a problem with the shitkrwindhamsays package,
ERR! not with npm itself.
ERR! Tell the author that this fails on your system:
ERR!     node server.js
ERR! You can get their info via:
ERR!     npm owner ls shitkrwindhamsays
ERR! There is likely additional logging output above.
ERR! 
ERR! System Darwin 10.8.0
ERR! command "node" "/usr/local/bin/npm" "start"
ERR! cwd /Users/andrew/apps/shitkrwindhamsays
ERR! node -v v0.6.3
ERR! npm -v 1.1.0-alpha-2
ERR! code ELIFECYCLE
ERR! message shitkrwindhamsays@0.0.1 start: `node server.js`
ERR! message `sh "-c" "node server.js"` failed with 1
verbose exit [ 1, true ]
